TN:
SF:src/agendamento/services/CreateAgendamentoService.ts
FN:1,(empty-report)
FNF:1
FNH:0
FNDA:0,(empty-report)
DA:1,0
DA:2,0
DA:3,0
DA:4,0
DA:5,0
DA:6,0
DA:7,0
DA:8,0
DA:9,0
DA:10,0
DA:11,0
DA:12,0
DA:13,0
DA:14,0
DA:15,0
DA:16,0
DA:17,0
DA:18,0
DA:19,0
DA:20,0
DA:21,0
DA:22,0
DA:23,0
LF:23
LH:0
BRDA:1,0,0,0
BRF:1
BRH:0
end_of_record
TN:
SF:src/agendamento/services/UpdateAgendamentoService.ts
FN:1,(empty-report)
FNF:1
FNH:0
FNDA:0,(empty-report)
DA:1,0
DA:2,0
DA:3,0
DA:4,0
DA:5,0
DA:6,0
DA:7,0
DA:8,0
DA:9,0
DA:10,0
DA:11,0
DA:12,0
DA:13,0
DA:14,0
DA:15,0
DA:16,0
DA:17,0
DA:18,0
DA:19,0
DA:20,0
DA:21,0
DA:22,0
DA:23,0
LF:23
LH:0
BRDA:1,0,0,0
BRF:1
BRH:0
end_of_record
TN:
SF:src/bloco/services/CreateBlocoService.ts
FN:11,CreateBlocoService
FN:15,Object.<anonymous>.CreateBlocoService.ExecuteAsync
FNF:2
FNH:2
FNDA:6,CreateBlocoService
FNDA:5,Object.<anonymous>.CreateBlocoService.ExecuteAsync
DA:1,1
DA:2,1
DA:3,1
DA:4,1
DA:5,1
DA:6,1
DA:7,1
DA:8,1
DA:9,1
DA:10,2
DA:11,2
DA:12,6
DA:13,2
DA:14,2
DA:15,2
DA:16,5
DA:17,5
DA:18,5
DA:19,1
DA:20,1
DA:21,4
DA:22,5
DA:23,1
DA:24,1
DA:25,3
DA:26,3
DA:27,3
DA:28,3
DA:29,3
DA:30,5
DA:31,2
DA:32,1
DA:33,1
LF:33
LH:33
BRDA:10,0,0,2
BRDA:11,1,0,6
BRDA:15,2,0,5
BRDA:16,3,0,5
BRDA:18,4,0,1
BRDA:20,5,0,4
BRDA:22,6,0,1
BRDA:24,7,0,3
BRDA:26,8,0,3
BRF:9
BRH:9
end_of_record
TN:
SF:src/bloco/services/UpdateBlocoService.ts
FN:11,UpdateBlocoService
FN:15,Object.<anonymous>.UpdateBlocoService.execute
FNF:2
FNH:2
FNDA:3,UpdateBlocoService
FNDA:3,Object.<anonymous>.UpdateBlocoService.execute
DA:1,1
DA:2,1
DA:3,1
DA:4,1
DA:5,1
DA:6,1
DA:7,1
DA:8,1
DA:9,1
DA:10,1
DA:11,1
DA:12,3
DA:13,1
DA:14,1
DA:15,1
DA:16,3
DA:17,3
DA:18,3
DA:19,2
DA:20,2
DA:21,1
DA:22,3
DA:23,0
DA:24,0
DA:25,1
DA:26,1
DA:27,1
DA:28,1
DA:29,1
DA:30,1
DA:31,1
DA:32,1
DA:33,3
DA:34,1
DA:35,1
DA:36,1
LF:36
LH:34
BRDA:10,0,0,1
BRDA:11,1,0,3
BRDA:15,2,0,3
BRDA:16,3,0,3
BRDA:18,4,0,2
BRDA:20,5,0,1
BRDA:22,6,0,0
BRDA:24,7,0,1
BRF:8
BRH:7
end_of_record
TN:
SF:src/usuarios/services/AuthenticationUsuarioService.ts
FN:10,AuthenticationUsuarioService
FN:14,Object.<anonymous>.AuthenticationUsuarioService.ExecuteAsync
FNF:2
FNH:2
FNDA:2,AuthenticationUsuarioService
FNDA:2,Object.<anonymous>.AuthenticationUsuarioService.ExecuteAsync
DA:1,1
DA:2,1
DA:3,1
DA:4,1
DA:5,1
DA:6,1
DA:7,1
DA:8,1
DA:9,1
DA:10,1
DA:11,2
DA:12,1
DA:13,1
DA:14,1
DA:15,2
DA:16,2
DA:17,2
DA:18,1
DA:19,1
DA:20,1
DA:21,1
DA:22,2
DA:23,1
DA:24,1
DA:25,1
LF:25
LH:25
BRDA:9,0,0,1
BRDA:10,1,0,2
BRDA:14,2,0,2
BRDA:15,3,0,2
BRDA:17,4,0,1
BRF:5
BRH:5
end_of_record
TN:
SF:src/usuarios/services/CreateUsuarioService.ts
FN:9,CreateUsuarioService
FN:13,Object.<anonymous>.CreateUsuarioService.ExecuteAsync
FNF:2
FNH:2
FNDA:5,CreateUsuarioService
FNDA:7,Object.<anonymous>.CreateUsuarioService.ExecuteAsync
DA:1,1
DA:2,1
DA:3,1
DA:4,1
DA:5,1
DA:6,1
DA:7,1
DA:8,2
DA:9,2
DA:10,5
DA:11,2
DA:12,2
DA:13,2
DA:14,7
DA:15,7
DA:16,7
DA:17,1
DA:18,1
DA:19,6
DA:20,6
DA:21,7
DA:22,7
DA:23,1
DA:24,1
DA:25,5
DA:26,5
DA:27,7
DA:28,2
DA:29,1
DA:30,1
LF:30
LH:30
BRDA:8,0,0,2
BRDA:9,1,0,5
BRDA:13,2,0,7
BRDA:14,3,0,7
BRDA:16,4,0,1
BRDA:18,5,0,6
BRDA:22,6,0,1
BRDA:24,7,0,5
BRF:8
BRH:8
end_of_record
TN:
SF:src/usuarios/services/UpdateUsuarioAccessKeyService.ts
FN:13,UpdateUsuarioAccessKeyService
FN:17,Object.<anonymous>.UpdateUsuarioAccessKeyService.execute
FNF:2
FNH:2
FNDA:2,UpdateUsuarioAccessKeyService
FNDA:2,Object.<anonymous>.UpdateUsuarioAccessKeyService.execute
DA:1,1
DA:2,1
DA:3,1
DA:4,1
DA:5,1
DA:6,1
DA:7,1
DA:8,1
DA:9,1
DA:10,1
DA:11,1
DA:12,1
DA:13,1
DA:14,2
DA:15,1
DA:16,1
DA:17,1
DA:18,2
DA:19,2
DA:20,2
DA:21,1
DA:22,1
DA:23,1
DA:24,1
DA:25,2
DA:26,1
DA:27,1
DA:28,1
LF:28
LH:28
BRDA:12,0,0,1
BRDA:13,1,0,2
BRDA:17,2,0,2
BRDA:18,3,0,2
BRDA:20,4,0,1
BRF:5
BRH:5
end_of_record
