TN:
SF:src/agendamento/services/CreateAgendamentoService.ts
FN:17,CreateAgendamentoService
FN:25,Object.<anonymous>.CreateAgendamentoService.ExecuteAsync
FNF:2
FNH:2
FNDA:8,CreateAgendamentoService
FNDA:8,Object.<anonymous>.CreateAgendamentoService.ExecuteAsync
DA:1,1
DA:2,1
DA:3,1
DA:4,1
DA:5,1
DA:6,1
DA:7,1
DA:8,1
DA:9,1
DA:10,1
DA:11,1
DA:12,1
DA:13,1
DA:14,1
DA:15,1
DA:16,2
DA:17,2
DA:18,8
DA:19,8
DA:20,8
DA:21,8
DA:22,8
DA:23,2
DA:24,2
DA:25,2
DA:26,8
DA:27,8
DA:28,8
DA:29,8
DA:30,1
DA:31,1
DA:32,7
DA:33,8
DA:34,1
DA:35,1
DA:36,6
DA:37,8
DA:38,1
DA:39,1
DA:40,5
DA:41,5
DA:42,5
DA:43,5
DA:44,5
DA:45,8
DA:46,2
DA:47,1
DA:48,1
LF:48
LH:48
BRDA:16,0,0,2
BRDA:17,1,0,8
BRDA:25,2,0,8
BRDA:26,3,0,8
BRDA:29,4,0,1
BRDA:31,5,0,7
BRDA:33,6,0,1
BRDA:35,7,0,6
BRDA:37,8,0,1
BRDA:39,9,0,5
BRF:10
BRH:10
end_of_record
TN:
SF:src/agendamento/services/UpdateAgendamentoService.ts
FN:14,UpdateAgendamentoService
FN:20,Object.<anonymous>.UpdateAgendamentoService.ExecuteAsync
FNF:2
FNH:2
FNDA:4,UpdateAgendamentoService
FNDA:4,Object.<anonymous>.UpdateAgendamentoService.ExecuteAsync
DA:1,1
DA:2,1
DA:3,1
DA:4,1
DA:5,1
DA:6,1
DA:7,1
DA:8,1
DA:9,1
DA:10,1
DA:11,1
DA:12,1
DA:13,1
DA:14,1
DA:15,4
DA:16,4
DA:17,4
DA:18,1
DA:19,1
DA:20,1
DA:21,4
DA:22,4
DA:23,4
DA:24,4
DA:25,1
DA:26,1
DA:27,3
DA:28,4
DA:29,1
DA:30,1
DA:31,2
DA:32,4
DA:33,1
DA:34,1
DA:35,1
DA:36,1
DA:37,4
DA:38,1
DA:39,1
DA:40,1
LF:40
LH:40
BRDA:13,0,0,1
BRDA:14,1,0,4
BRDA:20,2,0,4
BRDA:21,3,0,4
BRDA:24,4,0,1
BRDA:26,5,0,3
BRDA:28,6,0,1
BRDA:30,7,0,2
BRDA:32,8,0,1
BRDA:36,9,0,1
BRF:10
BRH:10
end_of_record
TN:
SF:src/bloco/services/CreateBlocoService.ts
FN:11,CreateBlocoService
FN:15,Object.<anonymous>.CreateBlocoService.ExecuteAsync
FNF:2
FNH:2
FNDA:6,CreateBlocoService
FNDA:6,Object.<anonymous>.CreateBlocoService.ExecuteAsync
DA:1,1
DA:2,1
DA:3,1
DA:4,1
DA:5,1
DA:6,1
DA:7,1
DA:8,1
DA:9,1
DA:10,2
DA:11,2
DA:12,6
DA:13,2
DA:14,2
DA:15,2
DA:16,6
DA:17,6
DA:18,6
DA:19,1
DA:20,1
DA:21,5
DA:22,6
DA:23,1
DA:24,1
DA:25,4
DA:26,4
DA:27,4
DA:28,4
DA:29,4
DA:30,6
DA:31,2
DA:32,1
DA:33,1
LF:33
LH:33
BRDA:10,0,0,2
BRDA:11,1,0,6
BRDA:15,2,0,6
BRDA:16,3,0,6
BRDA:18,4,0,1
BRDA:20,5,0,5
BRDA:22,6,0,1
BRDA:24,7,0,4
BRDA:29,8,0,4
BRDA:26,9,0,4
BRF:10
BRH:10
end_of_record
TN:
SF:src/bloco/services/UpdateBlocoService.ts
FN:11,UpdateBlocoService
FN:15,Object.<anonymous>.UpdateBlocoService.execute
FNF:2
FNH:2
FNDA:3,UpdateBlocoService
FNDA:3,Object.<anonymous>.UpdateBlocoService.execute
DA:1,1
DA:2,1
DA:3,1
DA:4,1
DA:5,1
DA:6,1
DA:7,1
DA:8,1
DA:9,1
DA:10,1
DA:11,1
DA:12,3
DA:13,1
DA:14,1
DA:15,1
DA:16,3
DA:17,3
DA:18,3
DA:19,1
DA:20,1
DA:21,2
DA:22,3
DA:23,1
DA:24,1
DA:25,1
DA:26,1
DA:27,1
DA:28,1
DA:29,1
DA:30,1
DA:31,1
DA:32,1
DA:33,3
DA:34,1
DA:35,1
DA:36,1
LF:36
LH:36
BRDA:10,0,0,1
BRDA:11,1,0,3
BRDA:15,2,0,3
BRDA:16,3,0,3
BRDA:18,4,0,1
BRDA:20,5,0,2
BRDA:22,6,0,1
BRF:7
BRH:7
end_of_record
TN:
SF:src/parametro-periodo-agendamento/services/CreateParametroPeriodoAgendamentoService.ts
FN:12,CreateParametroPeriodoAgendamentoService
FN:16,Object.<anonymous>.CreateParametroPeriodoAgendamentoService.ExecuteAsync
FNF:2
FNH:2
FNDA:4,CreateParametroPeriodoAgendamentoService
FNDA:4,Object.<anonymous>.CreateParametroPeriodoAgendamentoService.ExecuteAsync
DA:1,1
DA:2,1
DA:3,1
DA:4,1
DA:5,1
DA:6,1
DA:7,1
DA:8,1
DA:9,1
DA:10,1
DA:11,2
DA:12,2
DA:13,4
DA:14,2
DA:15,2
DA:16,2
DA:17,4
DA:18,4
DA:19,4
DA:20,1
DA:21,1
DA:22,3
DA:23,3
DA:24,4
DA:25,2
DA:26,1
DA:27,1
LF:27
LH:27
BRDA:11,0,0,2
BRDA:12,1,0,4
BRDA:16,2,0,4
BRDA:17,3,0,4
BRDA:19,4,0,1
BRDA:21,5,0,3
BRDA:23,6,0,3
BRF:7
BRH:7
end_of_record
TN:
SF:src/parametro-periodo-agendamento/services/UpdateParametroPeriodoAgendamentoService.ts
FN:9,UpdateParametroPeriodoAgendamentoService
FN:13,Object.<anonymous>.UpdateParametroPeriodoAgendamentoService.ExecuteAsync
FNF:2
FNH:2
FNDA:2,UpdateParametroPeriodoAgendamentoService
FNDA:2,Object.<anonymous>.UpdateParametroPeriodoAgendamentoService.ExecuteAsync
DA:1,1
DA:2,1
DA:3,1
DA:4,1
DA:5,1
DA:6,1
DA:7,1
DA:8,1
DA:9,1
DA:10,2
DA:11,1
DA:12,1
DA:13,1
DA:14,2
DA:15,2
DA:16,2
DA:17,1
DA:18,1
DA:19,1
DA:20,1
DA:21,2
DA:22,1
DA:23,1
DA:24,1
LF:24
LH:24
BRDA:8,0,0,1
BRDA:9,1,0,2
BRDA:13,2,0,2
BRDA:14,3,0,2
BRDA:16,4,0,1
BRDA:20,5,0,1
BRF:6
BRH:6
end_of_record
TN:
SF:src/usuarios/services/AuthenticationUsuarioService.ts
FN:10,AuthenticationUsuarioService
FN:14,Object.<anonymous>.AuthenticationUsuarioService.ExecuteAsync
FNF:2
FNH:2
FNDA:2,AuthenticationUsuarioService
FNDA:2,Object.<anonymous>.AuthenticationUsuarioService.ExecuteAsync
DA:1,1
DA:2,1
DA:3,1
DA:4,1
DA:5,1
DA:6,1
DA:7,1
DA:8,1
DA:9,1
DA:10,1
DA:11,2
DA:12,1
DA:13,1
DA:14,1
DA:15,2
DA:16,2
DA:17,2
DA:18,1
DA:19,1
DA:20,1
DA:21,1
DA:22,2
DA:23,1
DA:24,1
DA:25,1
LF:25
LH:25
BRDA:9,0,0,1
BRDA:10,1,0,2
BRDA:14,2,0,2
BRDA:15,3,0,2
BRDA:17,4,0,1
BRF:5
BRH:5
end_of_record
TN:
SF:src/usuarios/services/CreateUsuarioService.ts
FN:9,CreateUsuarioService
FN:13,Object.<anonymous>.CreateUsuarioService.ExecuteAsync
FNF:2
FNH:2
FNDA:5,CreateUsuarioService
FNDA:7,Object.<anonymous>.CreateUsuarioService.ExecuteAsync
DA:1,1
DA:2,1
DA:3,1
DA:4,1
DA:5,1
DA:6,1
DA:7,1
DA:8,2
DA:9,2
DA:10,5
DA:11,2
DA:12,2
DA:13,2
DA:14,7
DA:15,7
DA:16,7
DA:17,1
DA:18,1
DA:19,6
DA:20,6
DA:21,7
DA:22,7
DA:23,1
DA:24,1
DA:25,5
DA:26,5
DA:27,7
DA:28,2
DA:29,1
DA:30,1
LF:30
LH:30
BRDA:8,0,0,2
BRDA:9,1,0,5
BRDA:13,2,0,7
BRDA:14,3,0,7
BRDA:16,4,0,1
BRDA:18,5,0,6
BRDA:22,6,0,1
BRDA:24,7,0,5
BRF:8
BRH:8
end_of_record
TN:
SF:src/usuarios/services/UpdateUsuarioAccessKeyService.ts
FN:13,UpdateUsuarioAccessKeyService
FN:17,Object.<anonymous>.UpdateUsuarioAccessKeyService.execute
FNF:2
FNH:2
FNDA:2,UpdateUsuarioAccessKeyService
FNDA:2,Object.<anonymous>.UpdateUsuarioAccessKeyService.execute
DA:1,1
DA:2,1
DA:3,1
DA:4,1
DA:5,1
DA:6,1
DA:7,1
DA:8,1
DA:9,1
DA:10,1
DA:11,1
DA:12,1
DA:13,1
DA:14,2
DA:15,1
DA:16,1
DA:17,1
DA:18,2
DA:19,2
DA:20,2
DA:21,1
DA:22,1
DA:23,1
DA:24,1
DA:25,2
DA:26,1
DA:27,1
DA:28,1
LF:28
LH:28
BRDA:12,0,0,1
BRDA:13,1,0,2
BRDA:17,2,0,2
BRDA:18,3,0,2
BRDA:20,4,0,1
BRF:5
BRH:5
end_of_record
